Using pre-set license

 COMMAND LINE ARGUMENTS:
/Users/lorenalopez/Desktop/2020.3.12f1/Unity.app/Contents/MacOS/Unity
-adb2
-batchMode
-noUpm
-name
AssetImportWorker0
-projectPath
/Users/lorenalopez/Documents/GitHub/XRBrainJam/XRBrainJam
-logFile
Logs/AssetImportWorker0.log
-srvPort
49468
Successfully changed project path to: /Users/lorenalopez/Documents/GitHub/XRBrainJam/XRBrainJam
/Users/lorenalopez/Documents/GitHub/XRBrainJam/XRBrainJam
Using Asset Import Pipeline V2.
Refreshing native plugins compatible for Editor in 98.73 ms, found 7 plugins.
Preloading 1 native plugins for Editor in 14.47 ms.
Initialize engine version: 2020.3.12f1 (b3b2c6512326)
[Subsystems] Discovering subsystems at path /Users/lorenalopez/Desktop/2020.3.12f1/Unity.app/Contents/Resources/UnitySubsystems
[Subsystems] Discovering subsystems at path /Users/lorenalopez/Documents/GitHub/XRBrainJam/XRBrainJam/Assets
GfxDevice: creating device client; threaded=0
2021-06-25 22:06:04.706 Unity[3719:49834] iMac preferred device: Intel(R) Iris(TM) Pro Graphics 6200 (low power)
2021-06-25 22:06:04.706 Unity[3719:49834] Metal devices available: 1
2021-06-25 22:06:04.706 Unity[3719:49834] 0: Intel(R) Iris(TM) Pro Graphics 6200 (low power)
2021-06-25 22:06:04.707 Unity[3719:49834] Using device Intel(R) Iris(TM) Pro Graphics 6200 (low power)
Initializing Metal device caps: Intel(R) Iris(TM) Pro Graphics 6200
Shader 'Oculus/OVRMRCameraFrameLit': fallback shader 'Alpha-Diffuse' not found
Initialize mono
Mono path[0] = '/Users/lorenalopez/Desktop/2020.3.12f1/Unity.app/Contents/Managed'
Mono path[1] = '/Users/lorenalopez/Desktop/2020.3.12f1/Unity.app/Contents/MonoBleedingEdge/lib/mono/unityjit'
Mono config path = '/Users/lorenalopez/Desktop/2020.3.12f1/Unity.app/Contents/MonoBleedingEdge/etc'
Using monoOptions --debugger-agent=transport=dt_socket,embedding=1,server=y,suspend=n,address=127.0.0.1:56719
Begin MonoManager ReloadAssembly
Registering precompiled unity dll's ...
Register platform support module: /Users/lorenalopez/Desktop/2020.3.12f1/Unity.app/Contents/PlaybackEngines/MacStandaloneSupport/UnityEditor.OSXStandalone.Extensions.dll
Registered in 0.000561 seconds.
Native extension for OSXStandalone target not found
Refreshing native plugins compatible for Editor in 75.26 ms, found 7 plugins.
Preloading 1 native plugins for Editor in 0.55 ms.
Mono: successfully reloaded assembly
- Completed reload, in  3.909 seconds
Platform modules already initialized, skipping
Registering precompiled user dll's ...
Registered in 0.003520 seconds.
Begin MonoManager ReloadAssembly
Native extension for OSXStandalone target not found
Refreshing native plugins compatible for Editor in 74.38 ms, found 7 plugins.
Preloading 1 native plugins for Editor in 10.11 ms.
Mono: successfully reloaded assembly
- Completed reload, in  1.595 seconds
Platform modules already initialized, skipping
========================================================================
Worker process is ready to serve import requests
Shader 'Oculus/OVRMRCameraFrameLit': fallback shader 'Alpha-Diffuse' not found
Launching external process: /Users/lorenalopez/Desktop/2020.3.12f1/Unity.app/Contents/Tools/UnityShaderCompiler
Launched and connected shader compiler UnityShaderCompiler after 0.01 seconds
Refreshing native plugins compatible for Editor in 1.06 ms, found 7 plugins.
Preloading 1 native plugins for Editor in 0.56 ms.
Unloading 2678 Unused Serialized files (Serialized files now loaded: 0)
System memory in use before: 215.4 MB.
System memory in use after: 215.2 MB.

Unloading 47 unused Assets to reduce memory usage. Loaded Objects now: 3099.
Total: 2.575977 ms (FindLiveObjects: 0.245746 ms CreateObjectMapping: 0.091663 ms MarkObjects: 1.878250 ms  DeleteObjects: 0.359510 ms)

AssetImportParameters requested are different than current active one (requested -> active):
  custom:video-decoder-ogg-theora: a1e56fd34408186e4bbccfd4996cb3dc -> 
  custom:container-muxer-webm: aa71ff27fc2769a1b78a27578f13a17b -> 
  custom:container-demuxer-webm: 4f35f7cbe854078d1ac9338744f61a02 -> 
  custom:container-demuxer-ogg: 62fdf1f143b41e24485cea50d1cbac27 -> 
  custom:video-encoder-webm-vp8: eb34c28f22e8b96e1ab97ce403110664 -> 
  custom:framework-osx-AVFoundation: e770b220cccbd017edd2c1fefb359320 -> 
  custom:video-decoder-webm-vp8: 9c59270c3fd7afecdb556c50c9e8de78 -> 
  custom:audio-decoder-ogg-vorbis: bf7c407c2cedff20999df2af8eb42d56 -> 
  custom:audio-encoder-webm-vorbis: bf7c407c2cedff20999df2af8eb42d56 -> 
========================================================================
Received Import Request.
  path: Assets/Base Scene/Base Scene.unity
  artifactKey: Guid(792dc48153788464f9ce5bee81ecffe9) Importer(815301076,1909f56bfc062723c751e8b465ee728b)
Start importing Assets/Base Scene/Base Scene.unity using Guid(792dc48153788464f9ce5bee81ecffe9) Importer(815301076,1909f56bfc062723c751e8b465ee728b)  -> (artifact id: 'd9578af2b92719b634bb4b5e1b5c91fb') in 0.013081 seconds 
  Import took 0.017726 seconds .

========================================================================
Received Import Request.
  Time since last request: 4224.450748 seconds.
  path: Assets/Base Scene/CoffeeShopStarterPack/Prefabs/OrderGenerator.prefab
  artifactKey: Guid(4dee7bea4c4584015894b8d911e97c4c) Importer(815301076,1909f56bfc062723c751e8b465ee728b)
Start importing Assets/Base Scene/CoffeeShopStarterPack/Prefabs/OrderGenerator.prefab using Guid(4dee7bea4c4584015894b8d911e97c4c) Importer(815301076,1909f56bfc062723c751e8b465ee728b)  -> (artifact id: '3ab9b8d96a950af51973be75c8fd9a1b') in 1.064369 seconds 
  Import took 1.069516 seconds .

========================================================================
Received Import Request.
  Time since last request: 754.153164 seconds.
  path: Assets/Boom box.obj
  artifactKey: Guid(0ceabc47fb8794dedb9093d15c56be3a) Importer(815301076,1909f56bfc062723c751e8b465ee728b)
Start importing Assets/Boom box.obj using Guid(0ceabc47fb8794dedb9093d15c56be3a) Importer(815301076,1909f56bfc062723c751e8b465ee728b)  -> (artifact id: '3894019960e30628757f02566088ccfb') in 12.803163 seconds 
  Import took 12.819326 seconds .

========================================================================
Received Import Request.
  Time since last request: 30.905888 seconds.
  path: Assets/Boom box 1.obj
  artifactKey: Guid(ef278ff51f69443dc80958cc732b7b46) Importer(815301076,1909f56bfc062723c751e8b465ee728b)
Start importing Assets/Boom box 1.obj using Guid(ef278ff51f69443dc80958cc732b7b46) Importer(815301076,1909f56bfc062723c751e8b465ee728b)  -> (artifact id: '00578f329e08ebaf5f1ed640097fd7bf') in 5.179715 seconds 
  Import took 5.192276 seconds .

========================================================================
Received Import Request.
  Time since last request: 64.517126 seconds.
  path: Assets/Boom box 1.obj
  artifactKey: Guid(ef278ff51f69443dc80958cc732b7b46) Importer(815301076,1909f56bfc062723c751e8b465ee728b)
Start importing Assets/Boom box 1.obj using Guid(ef278ff51f69443dc80958cc732b7b46) Importer(815301076,1909f56bfc062723c751e8b465ee728b)  -> (artifact id: '37b32c8e01df37210faabd75249c13df') in 6.578198 seconds 
  Import took 6.589765 seconds .

========================================================================
Received Import Request.
  Time since last request: 0.000207 seconds.
  path: Assets/Boom box 1.obj
  artifactKey: Guid(ef278ff51f69443dc80958cc732b7b46) Importer(815301076,1909f56bfc062723c751e8b465ee728b)
Start importing Assets/Boom box 1.obj using Guid(ef278ff51f69443dc80958cc732b7b46) Importer(815301076,1909f56bfc062723c751e8b465ee728b)  -> (artifact id: '37b32c8e01df37210faabd75249c13df') in 8.964000 seconds 
  Import took 8.973778 seconds .

========================================================================
Received Import Request.
  Time since last request: 8.935624 seconds.
  path: Assets/Boom box.mtl
  artifactKey: Guid(039afdb995c0042afb922bf05242b525) Importer(815301076,1909f56bfc062723c751e8b465ee728b)
Start importing Assets/Boom box.mtl using Guid(039afdb995c0042afb922bf05242b525) Importer(815301076,1909f56bfc062723c751e8b465ee728b)  -> (artifact id: '026e51dc425032f0780e21c5a5ddaf5b') in 0.395579 seconds 
  Import took 0.401631 seconds .

========================================================================
Received Import Request.
  Time since last request: 131.532332 seconds.
  path: Assets/Base Scene/boom box
  artifactKey: Guid(7e0d309481a2b461db6571e0a4b3ed08) Importer(815301076,1909f56bfc062723c751e8b465ee728b)
Start importing Assets/Base Scene/boom box using Guid(7e0d309481a2b461db6571e0a4b3ed08) Importer(815301076,1909f56bfc062723c751e8b465ee728b)  -> (artifact id: '05d078b7fcccc2dfaaf14ab1f8df55e0') in 0.002235 seconds 
  Import took 0.010779 seconds .

========================================================================
Received Import Request.
  Time since last request: 0.015826 seconds.
  path: Assets/Base Scene/boom box
  artifactKey: Guid(7e0d309481a2b461db6571e0a4b3ed08) Importer(815301076,1909f56bfc062723c751e8b465ee728b)
Start importing Assets/Base Scene/boom box using Guid(7e0d309481a2b461db6571e0a4b3ed08) Importer(815301076,1909f56bfc062723c751e8b465ee728b)  -> (artifact id: '05d078b7fcccc2dfaaf14ab1f8df55e0') in 0.001972 seconds 
  Import took 0.010133 seconds .

========================================================================
Received Import Request.
  Time since last request: 0.029270 seconds.
  path: Assets/Base Scene/boom box/Boom box.obj
  artifactKey: Guid(a206e34039b7546009fe478ad9b839ac) Importer(815301076,1909f56bfc062723c751e8b465ee728b)
Start importing Assets/Base Scene/boom box/Boom box.obj using Guid(a206e34039b7546009fe478ad9b839ac) Importer(815301076,1909f56bfc062723c751e8b465ee728b)  -> (artifact id: 'a23142893beb07649ab35c6a37f354e8') in 5.830556 seconds 
  Import took 5.842872 seconds .

========================================================================
Received Import Request.
  Time since last request: 6.818924 seconds.
  path: Assets/Base Scene/boom box/Boom box.mtl
  artifactKey: Guid(ab354cd9f498d475494ac4282771f949) Importer(815301076,1909f56bfc062723c751e8b465ee728b)
Start importing Assets/Base Scene/boom box/Boom box.mtl using Guid(ab354cd9f498d475494ac4282771f949) Importer(815301076,1909f56bfc062723c751e8b465ee728b)  -> (artifact id: '020965962124ea5f0305647790166c36') in 0.007647 seconds 
  Import took 0.013694 seconds .

========================================================================
Received Import Request.
  Time since last request: 45.576703 seconds.
  path: Assets/Base Scene/boom box/Boom box.bin
  artifactKey: Guid(1164fc4d41bb64c48a27ae71904a8f6b) Importer(815301076,1909f56bfc062723c751e8b465ee728b)
Start importing Assets/Base Scene/boom box/Boom box.bin using Guid(1164fc4d41bb64c48a27ae71904a8f6b) Importer(815301076,1909f56bfc062723c751e8b465ee728b)  -> (artifact id: '229d35a6ecf2ec03a925fed301f85859') in 2.110193 seconds 
  Import took 2.119944 seconds .

========================================================================
Received Import Request.
  Time since last request: 0.000402 seconds.
  path: Assets/Base Scene/boom box/Boom box.gltf
  artifactKey: Guid(64195516a9b31432e84fb78c23073746) Importer(815301076,1909f56bfc062723c751e8b465ee728b)
Start importing Assets/Base Scene/boom box/Boom box.gltf using Guid(64195516a9b31432e84fb78c23073746) Importer(815301076,1909f56bfc062723c751e8b465ee728b)  -> (artifact id: '5844a608039c9f793db9abcc9af01419') in 0.473487 seconds 
  Import took 0.479530 seconds .

========================================================================
Received Import Request.
  Time since last request: 207.358202 seconds.
  path: Assets/RetroElectronic_Boombox
  artifactKey: Guid(a1415d25ea3724f8bae1b4f631cd8044) Importer(815301076,1909f56bfc062723c751e8b465ee728b)
Start importing Assets/RetroElectronic_Boombox using Guid(a1415d25ea3724f8bae1b4f631cd8044) Importer(815301076,1909f56bfc062723c751e8b465ee728b)  -> (artifact id: '9891b791766335f924970db594d5a194') in 0.001546 seconds 
  Import took 0.005944 seconds .

========================================================================
Received Import Request.
  Time since last request: 15.304120 seconds.
  path: Assets/Base Scene/RetroElectronic_Boombox/Prefabs
  artifactKey: Guid(1cd4e20b22de8414f882ab555ba96fea) Importer(815301076,1909f56bfc062723c751e8b465ee728b)
Start importing Assets/Base Scene/RetroElectronic_Boombox/Prefabs using Guid(1cd4e20b22de8414f882ab555ba96fea) Importer(815301076,1909f56bfc062723c751e8b465ee728b)  -> (artifact id: '3a66dcb3e3cc7ed7a3088c8d1c257259') in 0.002395 seconds 
  Import took 0.007975 seconds .

========================================================================
Received Import Request.
  Time since last request: 0.096959 seconds.
  path: Assets/Base Scene/RetroElectronic_Boombox/Prefabs/RetroElectronic_Boombox_prefab.prefab
  artifactKey: Guid(b5d656b96c56af4479207f62b530730e) Importer(815301076,1909f56bfc062723c751e8b465ee728b)
Start importing Assets/Base Scene/RetroElectronic_Boombox/Prefabs/RetroElectronic_Boombox_prefab.prefab using Guid(b5d656b96c56af4479207f62b530730e) Importer(815301076,1909f56bfc062723c751e8b465ee728b)  -> (artifact id: '976cc3a3a643dc890529966c468f414c') in 0.223042 seconds 
  Import took 0.228665 seconds .

========================================================================
Received Import Request.
  Time since last request: 2421.523216 seconds.
  path: Assets/Base Scene/polyperfect/Low Poly Animated People/- Materials
  artifactKey: Guid(2248c332413ff44f8849419b6e996846) Importer(815301076,1909f56bfc062723c751e8b465ee728b)
Start importing Assets/Base Scene/polyperfect/Low Poly Animated People/- Materials using Guid(2248c332413ff44f8849419b6e996846) Importer(815301076,1909f56bfc062723c751e8b465ee728b)  -> (artifact id: '7b29b8a55c7e2b7bbdf5de8bc1d52b18') in 0.003507 seconds 
  Import took 0.025305 seconds .

========================================================================
Received Import Request.
  Time since last request: 1.393220 seconds.
  path: Assets/Base Scene/polyperfect/Low Poly Animated People/- Prefabs/3RD Person.prefab
  artifactKey: Guid(45fda48861dbd464d86471f1c1e79872) Importer(815301076,1909f56bfc062723c751e8b465ee728b)
Start importing Assets/Base Scene/polyperfect/Low Poly Animated People/- Prefabs/3RD Person.prefab using Guid(45fda48861dbd464d86471f1c1e79872) Importer(815301076,1909f56bfc062723c751e8b465ee728b)  -> (artifact id: '5272f522b33840ebf5653c112963ea65') in 0.633678 seconds 
  Import took 0.642398 seconds .

